<?xml version="1.0" encoding="UTF-8"?>
<!-- Generated by org.testng.reporters.JUnitReportReporter -->
<testsuite hostname="DESKTOP-PVBJ9N2" failures="0" tests="6" name="com.guru99.test.HomepageTest" time="14.310" errors="0" timestamp="2022-07-13T22:10:23 IST" skipped="0">
  <testcase classname="com.guru99.test.HomepageTest" name="elementsDisplayed" time="0.567"/>
  <system-out/>
  <testcase classname="com.guru99.test.HomepageTest" name="validateReqQuotBtn" time="2.650"/>
  <system-out/>
  <testcase classname="com.guru99.test.HomepageTest" name="validateRetQuotBtn" time="2.074"/>
  <system-out/>
  <testcase classname="com.guru99.test.HomepageTest" name="validateReqProfileBtn" time="2.091"/>
  <system-out/>
  <testcase classname="com.guru99.test.HomepageTest" name="validateEditProfileBtn" time="2.089"/>
  <system-out/>
  <testcase classname="com.guru99.test.HomepageTest" name="validateLogouttBtn" time="4.839"/>
  <system-out/>
</testsuite> <!-- com.guru99.test.HomepageTest -->
