<?xml version="1.0" encoding="UTF-8"?>
<!-- Generated by org.testng.reporters.JUnitReportReporter -->
<testsuite hostname="DESKTOP-PVBJ9N2" failures="0" tests="3" name="com.guru99.test.LoginTest" time="22.104" errors="0" timestamp="2022-07-09T11:43:55 IST" skipped="0">
  <testcase classname="com.guru99.test.LoginTest" name="elementsDisplayed" time="0.830"/>
  <system-out/>
  <testcase classname="com.guru99.test.LoginTest" name="validateInvalidEmailErrorMessage" time="5.444"/>
  <system-out/>
  <testcase classname="com.guru99.test.LoginTest" name="validateLogin" time="15.830"/>
  <system-out/>
</testsuite> <!-- com.guru99.test.LoginTest -->
