<?xml version="1.0" encoding="UTF-8"?>
<!-- Generated by org.testng.reporters.JUnitReportReporter -->
<testsuite hostname="DESKTOP-PVBJ9N2" failures="0" tests="1" name="com.guru99.test.RetQuotationTest" time="1.156" errors="0" timestamp="2022-07-13T22:05:37 IST" skipped="0">
  <testcase classname="com.guru99.test.RetQuotationTest" name="elementsDisplayed" time="1.156"/>
  <system-out/>
</testsuite> <!-- com.guru99.test.RetQuotationTest -->
