<?xml version="1.0" encoding="UTF-8"?>
<!-- Generated by org.testng.reporters.JUnitReportReporter -->
<testsuite hostname="DESKTOP-PVBJ9N2" failures="0" tests="3" name="com.guru99.test.ReqQuotationTest" time="5.724" errors="0" timestamp="2022-07-13T21:44:10 IST" skipped="0">
  <testcase classname="com.guru99.test.ReqQuotationTest" name="elementsDislayed" time="0.500"/>
  <system-out/>
  <testcase classname="com.guru99.test.ReqQuotationTest" name="emptyDetails" time="0.085"/>
  <system-out/>
  <testcase classname="com.guru99.test.ReqQuotationTest" name="validDetails" time="5.139"/>
  <system-out/>
</testsuite> <!-- com.guru99.test.ReqQuotationTest -->
